::1 - - [23/Jan/2018:21:37:10 +0000] "GET / HTTP/1.1" 200 2726 "-" "Mozilla/5.0 (Windows NT 6.1; Win64; x64) AppleWebKit/537.36 (KHTML, like Gecko) Chrome/63.0.3239.132 Safari/537.36"
::1 - - [23/Jan/2018:21:37:11 +0000] "GET /favicon.ico HTTP/1.1" 404 150 "http://localhost:3500/" "Mozilla/5.0 (Windows NT 6.1; Win64; x64) AppleWebKit/537.36 (KHTML, like Gecko) Chrome/63.0.3239.132 Safari/537.36"
::1 - - [23/Jan/2018:21:37:27 +0000] "GET / HTTP/1.1" 200 2726 "-" "Mozilla/5.0 (Windows NT 6.1; Win64; x64) AppleWebKit/537.36 (KHTML, like Gecko) Chrome/63.0.3239.132 Safari/537.36"
::1 - - [23/Jan/2018:21:38:50 +0000] "GET / HTTP/1.1" 200 2726 "-" "Mozilla/5.0 (Windows NT 6.1; Win64; x64) AppleWebKit/537.36 (KHTML, like Gecko) Chrome/63.0.3239.132 Safari/537.36"
::1 - - [23/Jan/2018:21:41:16 +0000] "GET / HTTP/1.1" 200 2726 "-" "Mozilla/5.0 (Windows NT 6.1; Win64; x64) AppleWebKit/537.36 (KHTML, like Gecko) Chrome/63.0.3239.132 Safari/537.36"
::1 - - [23/Jan/2018:21:41:17 +0000] "GET /webfonts/fa-solid-900.woff2 HTTP/1.1" 404 166 "http://localhost:3500/stylesheets/fontawesome.css" "Mozilla/5.0 (Windows NT 6.1; Win64; x64) AppleWebKit/537.36 (KHTML, like Gecko) Chrome/63.0.3239.132 Safari/537.36"
::1 - - [23/Jan/2018:21:41:17 +0000] "GET /webfonts/fa-solid-900.woff HTTP/1.1" 404 165 "http://localhost:3500/stylesheets/fontawesome.css" "Mozilla/5.0 (Windows NT 6.1; Win64; x64) AppleWebKit/537.36 (KHTML, like Gecko) Chrome/63.0.3239.132 Safari/537.36"
::1 - - [23/Jan/2018:21:41:17 +0000] "GET /webfonts/fa-solid-900.ttf HTTP/1.1" 404 164 "http://localhost:3500/stylesheets/fontawesome.css" "Mozilla/5.0 (Windows NT 6.1; Win64; x64) AppleWebKit/537.36 (KHTML, like Gecko) Chrome/63.0.3239.132 Safari/537.36"
::1 - - [23/Jan/2018:21:41:20 +0000] "GET / HTTP/1.1" 200 2726 "-" "Mozilla/5.0 (Windows NT 6.1; Win64; x64) AppleWebKit/537.36 (KHTML, like Gecko) Chrome/63.0.3239.132 Safari/537.36"
::1 - - [23/Jan/2018:21:41:21 +0000] "GET /webfonts/fa-solid-900.woff2 HTTP/1.1" 404 166 "http://localhost:3500/stylesheets/fontawesome.css" "Mozilla/5.0 (Windows NT 6.1; Win64; x64) AppleWebKit/537.36 (KHTML, like Gecko) Chrome/63.0.3239.132 Safari/537.36"
::1 - - [23/Jan/2018:21:41:21 +0000] "GET /webfonts/fa-solid-900.woff HTTP/1.1" 404 165 "http://localhost:3500/stylesheets/fontawesome.css" "Mozilla/5.0 (Windows NT 6.1; Win64; x64) AppleWebKit/537.36 (KHTML, like Gecko) Chrome/63.0.3239.132 Safari/537.36"
::1 - - [23/Jan/2018:21:41:21 +0000] "GET /webfonts/fa-solid-900.ttf HTTP/1.1" 404 164 "http://localhost:3500/stylesheets/fontawesome.css" "Mozilla/5.0 (Windows NT 6.1; Win64; x64) AppleWebKit/537.36 (KHTML, like Gecko) Chrome/63.0.3239.132 Safari/537.36"
::1 - - [23/Jan/2018:21:42:06 +0000] "GET / HTTP/1.1" 200 2726 "-" "Mozilla/5.0 (Windows NT 6.1; Win64; x64) AppleWebKit/537.36 (KHTML, like Gecko) Chrome/63.0.3239.132 Safari/537.36"
::1 - - [23/Jan/2018:21:42:07 +0000] "GET /webfonts/fa-solid-900.woff2 HTTP/1.1" 404 166 "http://localhost:3500/stylesheets/fontawesome.css" "Mozilla/5.0 (Windows NT 6.1; Win64; x64) AppleWebKit/537.36 (KHTML, like Gecko) Chrome/63.0.3239.132 Safari/537.36"
::1 - - [23/Jan/2018:21:42:07 +0000] "GET /webfonts/fa-solid-900.woff HTTP/1.1" 404 165 "http://localhost:3500/stylesheets/fontawesome.css" "Mozilla/5.0 (Windows NT 6.1; Win64; x64) AppleWebKit/537.36 (KHTML, like Gecko) Chrome/63.0.3239.132 Safari/537.36"
::1 - - [23/Jan/2018:21:42:07 +0000] "GET /webfonts/fa-solid-900.ttf HTTP/1.1" 404 164 "http://localhost:3500/stylesheets/fontawesome.css" "Mozilla/5.0 (Windows NT 6.1; Win64; x64) AppleWebKit/537.36 (KHTML, like Gecko) Chrome/63.0.3239.132 Safari/537.36"
::1 - - [23/Jan/2018:21:42:35 +0000] "GET / HTTP/1.1" 200 2726 "-" "Mozilla/5.0 (Windows NT 6.1; Win64; x64) AppleWebKit/537.36 (KHTML, like Gecko) Chrome/63.0.3239.132 Safari/537.36"
::1 - - [23/Jan/2018:21:42:36 +0000] "GET /webfonts/fa-solid-900.woff2 HTTP/1.1" 404 166 "http://localhost:3500/stylesheets/fontawesome.css" "Mozilla/5.0 (Windows NT 6.1; Win64; x64) AppleWebKit/537.36 (KHTML, like Gecko) Chrome/63.0.3239.132 Safari/537.36"
::1 - - [23/Jan/2018:21:42:36 +0000] "GET /webfonts/fa-solid-900.woff HTTP/1.1" 404 165 "http://localhost:3500/stylesheets/fontawesome.css" "Mozilla/5.0 (Windows NT 6.1; Win64; x64) AppleWebKit/537.36 (KHTML, like Gecko) Chrome/63.0.3239.132 Safari/537.36"
::1 - - [23/Jan/2018:21:42:36 +0000] "GET /webfonts/fa-solid-900.ttf HTTP/1.1" 404 164 "http://localhost:3500/stylesheets/fontawesome.css" "Mozilla/5.0 (Windows NT 6.1; Win64; x64) AppleWebKit/537.36 (KHTML, like Gecko) Chrome/63.0.3239.132 Safari/537.36"
::1 - - [23/Jan/2018:21:42:57 +0000] "GET / HTTP/1.1" 200 2726 "-" "Mozilla/5.0 (Windows NT 6.1; Win64; x64) AppleWebKit/537.36 (KHTML, like Gecko) Chrome/63.0.3239.132 Safari/537.36"
::1 - - [23/Jan/2018:21:42:58 +0000] "GET /webfonts/fa-solid-900.woff2 HTTP/1.1" 404 166 "http://localhost:3500/stylesheets/fontawesome.css" "Mozilla/5.0 (Windows NT 6.1; Win64; x64) AppleWebKit/537.36 (KHTML, like Gecko) Chrome/63.0.3239.132 Safari/537.36"
::1 - - [23/Jan/2018:21:42:58 +0000] "GET /webfonts/fa-solid-900.woff HTTP/1.1" 404 165 "http://localhost:3500/stylesheets/fontawesome.css" "Mozilla/5.0 (Windows NT 6.1; Win64; x64) AppleWebKit/537.36 (KHTML, like Gecko) Chrome/63.0.3239.132 Safari/537.36"
::1 - - [23/Jan/2018:21:42:58 +0000] "GET /webfonts/fa-solid-900.ttf HTTP/1.1" 404 164 "http://localhost:3500/stylesheets/fontawesome.css" "Mozilla/5.0 (Windows NT 6.1; Win64; x64) AppleWebKit/537.36 (KHTML, like Gecko) Chrome/63.0.3239.132 Safari/537.36"
::1 - - [23/Jan/2018:21:43:15 +0000] "GET / HTTP/1.1" 200 2726 "-" "Mozilla/5.0 (Windows NT 6.1; Win64; x64) AppleWebKit/537.36 (KHTML, like Gecko) Chrome/63.0.3239.132 Safari/537.36"
::1 - - [23/Jan/2018:21:43:16 +0000] "GET /webfonts/fa-solid-900.woff2 HTTP/1.1" 404 166 "http://localhost:3500/stylesheets/fontawesome.css" "Mozilla/5.0 (Windows NT 6.1; Win64; x64) AppleWebKit/537.36 (KHTML, like Gecko) Chrome/63.0.3239.132 Safari/537.36"
::1 - - [23/Jan/2018:21:43:16 +0000] "GET /webfonts/fa-solid-900.woff HTTP/1.1" 404 165 "http://localhost:3500/stylesheets/fontawesome.css" "Mozilla/5.0 (Windows NT 6.1; Win64; x64) AppleWebKit/537.36 (KHTML, like Gecko) Chrome/63.0.3239.132 Safari/537.36"
::1 - - [23/Jan/2018:21:43:16 +0000] "GET /webfonts/fa-solid-900.ttf HTTP/1.1" 404 164 "http://localhost:3500/stylesheets/fontawesome.css" "Mozilla/5.0 (Windows NT 6.1; Win64; x64) AppleWebKit/537.36 (KHTML, like Gecko) Chrome/63.0.3239.132 Safari/537.36"
::1 - - [23/Jan/2018:21:46:02 +0000] "GET / HTTP/1.1" 200 2621 "-" "Mozilla/5.0 (Windows NT 6.1; Win64; x64) AppleWebKit/537.36 (KHTML, like Gecko) Chrome/63.0.3239.132 Safari/537.36"
::1 - - [23/Jan/2018:21:56:44 +0000] "GET / HTTP/1.1" 200 2673 "-" "Mozilla/5.0 (Windows NT 6.1; Win64; x64) AppleWebKit/537.36 (KHTML, like Gecko) Chrome/63.0.3239.132 Safari/537.36"
::1 - - [23/Jan/2018:21:56:52 +0000] "GET / HTTP/1.1" 200 2673 "-" "Mozilla/5.0 (Windows NT 6.1; Win64; x64) AppleWebKit/537.36 (KHTML, like Gecko) Chrome/63.0.3239.132 Safari/537.36"
::1 - - [23/Jan/2018:21:59:47 +0000] "GET / HTTP/1.1" 200 2677 "-" "Mozilla/5.0 (Windows NT 6.1; Win64; x64) AppleWebKit/537.36 (KHTML, like Gecko) Chrome/63.0.3239.132 Safari/537.36"
::1 - - [23/Jan/2018:22:01:05 +0000] "GET / HTTP/1.1" 200 2668 "-" "Mozilla/5.0 (Windows NT 6.1; Win64; x64) AppleWebKit/537.36 (KHTML, like Gecko) Chrome/63.0.3239.132 Safari/537.36"
::1 - - [23/Jan/2018:22:01:10 +0000] "GET / HTTP/1.1" 200 2668 "-" "Mozilla/5.0 (Windows NT 6.1; Win64; x64) AppleWebKit/537.36 (KHTML, like Gecko) Chrome/63.0.3239.132 Safari/537.36"
::1 - - [23/Jan/2018:22:22:25 +0000] "GET / HTTP/1.1" 200 2919 "-" "Mozilla/5.0 (Windows NT 6.1; Win64; x64) AppleWebKit/537.36 (KHTML, like Gecko) Chrome/63.0.3239.132 Safari/537.36"
::1 - - [23/Jan/2018:22:23:15 +0000] "GET / HTTP/1.1" 200 2975 "-" "Mozilla/5.0 (Windows NT 6.1; Win64; x64) AppleWebKit/537.36 (KHTML, like Gecko) Chrome/63.0.3239.132 Safari/537.36"
::1 - - [23/Jan/2018:22:23:15 +0000] "GET /javascripts/Plugin.User.js HTTP/1.1" 404 165 "http://localhost:3500/" "Mozilla/5.0 (Windows NT 6.1; Win64; x64) AppleWebKit/537.36 (KHTML, like Gecko) Chrome/63.0.3239.132 Safari/537.36"
::1 - - [23/Jan/2018:22:23:32 +0000] "GET / HTTP/1.1" 200 2979 "-" "Mozilla/5.0 (Windows NT 6.1; Win64; x64) AppleWebKit/537.36 (KHTML, like Gecko) Chrome/63.0.3239.132 Safari/537.36"
::1 - - [23/Jan/2018:22:24:39 +0000] "GET / HTTP/1.1" 200 2976 "-" "Mozilla/5.0 (Windows NT 6.1; Win64; x64) AppleWebKit/537.36 (KHTML, like Gecko) Chrome/63.0.3239.132 Safari/537.36"
::1 - - [23/Jan/2018:22:25:09 +0000] "GET / HTTP/1.1" 200 2976 "-" "Mozilla/5.0 (Windows NT 6.1; Win64; x64) AppleWebKit/537.36 (KHTML, like Gecko) Chrome/63.0.3239.132 Safari/537.36"
::1 - - [23/Jan/2018:22:26:31 +0000] "GET / HTTP/1.1" 200 2976 "-" "Mozilla/5.0 (Windows NT 6.1; Win64; x64) AppleWebKit/537.36 (KHTML, like Gecko) Chrome/63.0.3239.132 Safari/537.36"
::1 - - [23/Jan/2018:22:27:17 +0000] "GET / HTTP/1.1" 200 2976 "-" "Mozilla/5.0 (Windows NT 6.1; Win64; x64) AppleWebKit/537.36 (KHTML, like Gecko) Chrome/63.0.3239.132 Safari/537.36"
::1 - - [23/Jan/2018:22:28:51 +0000] "GET / HTTP/1.1" 200 2976 "-" "Mozilla/5.0 (Windows NT 6.1; Win64; x64) AppleWebKit/537.36 (KHTML, like Gecko) Chrome/63.0.3239.132 Safari/537.36"
::1 - - [23/Jan/2018:22:29:45 +0000] "GET / HTTP/1.1" 200 2976 "-" "Mozilla/5.0 (Windows NT 6.1; Win64; x64) AppleWebKit/537.36 (KHTML, like Gecko) Chrome/63.0.3239.132 Safari/537.36"
::1 - - [23/Jan/2018:22:30:22 +0000] "GET / HTTP/1.1" 200 2976 "-" "Mozilla/5.0 (Windows NT 6.1; Win64; x64) AppleWebKit/537.36 (KHTML, like Gecko) Chrome/63.0.3239.132 Safari/537.36"
::1 - - [23/Jan/2018:22:30:45 +0000] "GET / HTTP/1.1" 200 2976 "-" "Mozilla/5.0 (Windows NT 6.1; Win64; x64) AppleWebKit/537.36 (KHTML, like Gecko) Chrome/63.0.3239.132 Safari/537.36"
::1 - - [23/Jan/2018:22:31:40 +0000] "GET / HTTP/1.1" 200 2976 "-" "Mozilla/5.0 (Windows NT 6.1; Win64; x64) AppleWebKit/537.36 (KHTML, like Gecko) Chrome/63.0.3239.132 Safari/537.36"
::1 - - [23/Jan/2018:22:35:16 +0000] "GET / HTTP/1.1" 200 2976 "-" "Mozilla/5.0 (Windows NT 6.1; Win64; x64) AppleWebKit/537.36 (KHTML, like Gecko) Chrome/63.0.3239.132 Safari/537.36"
::1 - - [23/Jan/2018:22:46:59 +0000] "GET / HTTP/1.1" 200 2976 "-" "Mozilla/5.0 (Windows NT 6.1; Win64; x64) AppleWebKit/537.36 (KHTML, like Gecko) Chrome/63.0.3239.132 Safari/537.36"
::1 - - [23/Jan/2018:22:47:08 +0000] "GET /? HTTP/1.1" 200 2976 "http://localhost:3500/" "Mozilla/5.0 (Windows NT 6.1; Win64; x64) AppleWebKit/537.36 (KHTML, like Gecko) Chrome/63.0.3239.132 Safari/537.36"
::1 - - [23/Jan/2018:22:47:34 +0000] "GET /? HTTP/1.1" 200 2976 "http://localhost:3500/?" "Mozilla/5.0 (Windows NT 6.1; Win64; x64) AppleWebKit/537.36 (KHTML, like Gecko) Chrome/63.0.3239.132 Safari/537.36"
::1 - - [23/Jan/2018:22:48:44 +0000] "GET /? HTTP/1.1" 200 2976 "http://localhost:3500/?" "Mozilla/5.0 (Windows NT 6.1; Win64; x64) AppleWebKit/537.36 (KHTML, like Gecko) Chrome/63.0.3239.132 Safari/537.36"
::1 - - [23/Jan/2018:22:51:03 +0000] "GET /? HTTP/1.1" 200 2976 "http://localhost:3500/?" "Mozilla/5.0 (Windows NT 6.1; Win64; x64) AppleWebKit/537.36 (KHTML, like Gecko) Chrome/63.0.3239.132 Safari/537.36"
::1 - - [23/Jan/2018:23:01:56 +0000] "GET / HTTP/1.1" 304 - "-" "Mozilla/5.0 (Windows NT 6.1; Win64; x64) AppleWebKit/537.36 (KHTML, like Gecko) Chrome/63.0.3239.132 Safari/537.36"
::1 - - [23/Jan/2018:23:03:46 +0000] "GET / HTTP/1.1" 200 3073 "-" "Mozilla/5.0 (Windows NT 6.1; Win64; x64) AppleWebKit/537.36 (KHTML, like Gecko) Chrome/63.0.3239.132 Safari/537.36"
::1 - - [23/Jan/2018:23:05:01 +0000] "GET / HTTP/1.1" 200 3505 "-" "Mozilla/5.0 (Windows NT 6.1; Win64; x64) AppleWebKit/537.36 (KHTML, like Gecko) Chrome/63.0.3239.132 Safari/537.36"
::1 - - [23/Jan/2018:23:07:32 +0000] "GET / HTTP/1.1" 200 3045 "-" "Mozilla/5.0 (Windows NT 6.1; Win64; x64) AppleWebKit/537.36 (KHTML, like Gecko) Chrome/63.0.3239.132 Safari/537.36"
::1 - - [23/Jan/2018:23:08:23 +0000] "GET / HTTP/1.1" 200 3054 "-" "Mozilla/5.0 (Windows NT 6.1; Win64; x64) AppleWebKit/537.36 (KHTML, like Gecko) Chrome/63.0.3239.132 Safari/537.36"
::1 - - [23/Jan/2018:23:09:42 +0000] "GET / HTTP/1.1" 200 3059 "-" "Mozilla/5.0 (Windows NT 6.1; Win64; x64) AppleWebKit/537.36 (KHTML, like Gecko) Chrome/63.0.3239.132 Safari/537.36"
::1 - - [23/Jan/2018:23:09:49 +0000] "GET / HTTP/1.1" 200 3059 "-" "Mozilla/5.0 (Windows NT 6.1; Win64; x64) AppleWebKit/537.36 (KHTML, like Gecko) Chrome/63.0.3239.132 Safari/537.36"
::1 - - [23/Jan/2018:23:10:07 +0000] "GET / HTTP/1.1" 200 3066 "-" "Mozilla/5.0 (Windows NT 6.1; Win64; x64) AppleWebKit/537.36 (KHTML, like Gecko) Chrome/63.0.3239.132 Safari/537.36"
::1 - - [23/Jan/2018:23:11:48 +0000] "GET / HTTP/1.1" 200 3074 "-" "Mozilla/5.0 (Windows NT 6.1; Win64; x64) AppleWebKit/537.36 (KHTML, like Gecko) Chrome/63.0.3239.132 Safari/537.36"
::1 - - [23/Jan/2018:23:15:38 +0000] "GET / HTTP/1.1" 200 3074 "-" "Mozilla/5.0 (Windows NT 6.1; Win64; x64) AppleWebKit/537.36 (KHTML, like Gecko) Chrome/63.0.3239.132 Safari/537.36"
::1 - - [23/Jan/2018:23:18:13 +0000] "GET / HTTP/1.1" 200 3081 "-" "Mozilla/5.0 (Windows NT 6.1; Win64; x64) AppleWebKit/537.36 (KHTML, like Gecko) Chrome/63.0.3239.132 Safari/537.36"
::1 - - [23/Jan/2018:23:19:23 +0000] "GET / HTTP/1.1" 200 3084 "-" "Mozilla/5.0 (Windows NT 6.1; Win64; x64) AppleWebKit/537.36 (KHTML, like Gecko) Chrome/63.0.3239.132 Safari/537.36"
::1 - - [23/Jan/2018:23:22:21 +0000] "GET / HTTP/1.1" 200 3083 "-" "Mozilla/5.0 (Windows NT 6.1; Win64; x64) AppleWebKit/537.36 (KHTML, like Gecko) Chrome/63.0.3239.132 Safari/537.36"
::1 - - [23/Jan/2018:23:22:51 +0000] "GET / HTTP/1.1" 200 3080 "-" "Mozilla/5.0 (Windows NT 6.1; Win64; x64) AppleWebKit/537.36 (KHTML, like Gecko) Chrome/63.0.3239.132 Safari/537.36"
::1 - - [23/Jan/2018:23:23:26 +0000] "GET / HTTP/1.1" 200 3080 "-" "Mozilla/5.0 (Windows NT 6.1; Win64; x64) AppleWebKit/537.36 (KHTML, like Gecko) Chrome/63.0.3239.132 Safari/537.36"
::1 - - [23/Jan/2018:23:24:11 +0000] "GET / HTTP/1.1" 200 3080 "-" "Mozilla/5.0 (Windows NT 6.1; Win64; x64) AppleWebKit/537.36 (KHTML, like Gecko) Chrome/63.0.3239.132 Safari/537.36"
::1 - - [23/Jan/2018:23:24:12 +0000] "GET /favicon.ico HTTP/1.1" 404 150 "http://localhost:3500/" "Mozilla/5.0 (Windows NT 6.1; Win64; x64) AppleWebKit/537.36 (KHTML, like Gecko) Chrome/63.0.3239.132 Safari/537.36"
::1 - - [23/Jan/2018:23:24:29 +0000] "GET / HTTP/1.1" 200 3084 "-" "Mozilla/5.0 (Windows NT 6.1; Win64; x64) AppleWebKit/537.36 (KHTML, like Gecko) Chrome/63.0.3239.132 Safari/537.36"
::1 - - [23/Jan/2018:23:24:30 +0000] "GET /favicon.ico HTTP/1.1" 404 150 "http://localhost:3500/" "Mozilla/5.0 (Windows NT 6.1; Win64; x64) AppleWebKit/537.36 (KHTML, like Gecko) Chrome/63.0.3239.132 Safari/537.36"
::1 - - [23/Jan/2018:23:27:47 +0000] "GET / HTTP/1.1" 200 3084 "-" "Mozilla/5.0 (Windows NT 6.1; Win64; x64) AppleWebKit/537.36 (KHTML, like Gecko) Chrome/63.0.3239.132 Safari/537.36"
::1 - - [23/Jan/2018:23:29:37 +0000] "GET / HTTP/1.1" 200 3166 "-" "Mozilla/5.0 (Windows NT 6.1; Win64; x64) AppleWebKit/537.36 (KHTML, like Gecko) Chrome/63.0.3239.132 Safari/537.36"
::1 - - [23/Jan/2018:23:29:41 +0000] "GET / HTTP/1.1" 200 3166 "-" "Mozilla/5.0 (Windows NT 6.1; Win64; x64) AppleWebKit/537.36 (KHTML, like Gecko) Chrome/63.0.3239.132 Safari/537.36"
::1 - - [23/Jan/2018:23:30:31 +0000] "GET / HTTP/1.1" 200 3186 "-" "Mozilla/5.0 (Windows NT 6.1; Win64; x64) AppleWebKit/537.36 (KHTML, like Gecko) Chrome/63.0.3239.132 Safari/537.36"
::1 - - [23/Jan/2018:23:31:10 +0000] "GET / HTTP/1.1" 500 1478 "-" "Mozilla/5.0 (Windows NT 6.1; Win64; x64) AppleWebKit/537.36 (KHTML, like Gecko) Chrome/63.0.3239.132 Safari/537.36"
::1 - - [23/Jan/2018:23:31:22 +0000] "GET / HTTP/1.1" 200 3323 "-" "Mozilla/5.0 (Windows NT 6.1; Win64; x64) AppleWebKit/537.36 (KHTML, like Gecko) Chrome/63.0.3239.132 Safari/537.36"
::1 - - [23/Jan/2018:23:32:41 +0000] "GET / HTTP/1.1" 200 3277 "-" "Mozilla/5.0 (Windows NT 6.1; Win64; x64) AppleWebKit/537.36 (KHTML, like Gecko) Chrome/63.0.3239.132 Safari/537.36"
::1 - - [23/Jan/2018:23:33:04 +0000] "GET / HTTP/1.1" 200 1385 "-" "Mozilla/5.0 (Windows NT 6.1; Win64; x64) AppleWebKit/537.36 (KHTML, like Gecko) Chrome/63.0.3239.132 Safari/537.36"
::1 - - [23/Jan/2018:23:33:10 +0000] "GET / HTTP/1.1" 200 3277 "-" "Mozilla/5.0 (Windows NT 6.1; Win64; x64) AppleWebKit/537.36 (KHTML, like Gecko) Chrome/63.0.3239.132 Safari/537.36"
::1 - - [23/Jan/2018:23:33:18 +0000] "GET / HTTP/1.1" 200 3282 "-" "Mozilla/5.0 (Windows NT 6.1; Win64; x64) AppleWebKit/537.36 (KHTML, like Gecko) Chrome/63.0.3239.132 Safari/537.36"
::1 - - [23/Jan/2018:23:34:07 +0000] "GET / HTTP/1.1" 200 3189 "-" "Mozilla/5.0 (Windows NT 6.1; Win64; x64) AppleWebKit/537.36 (KHTML, like Gecko) Chrome/63.0.3239.132 Safari/537.36"
::1 - - [23/Jan/2018:23:34:18 +0000] "GET / HTTP/1.1" 200 3194 "-" "Mozilla/5.0 (Windows NT 6.1; Win64; x64) AppleWebKit/537.36 (KHTML, like Gecko) Chrome/63.0.3239.132 Safari/537.36"
::1 - - [23/Jan/2018:23:34:55 +0000] "GET / HTTP/1.1" 200 3194 "-" "Mozilla/5.0 (Windows NT 6.1; Win64; x64) AppleWebKit/537.36 (KHTML, like Gecko) Chrome/63.0.3239.132 Safari/537.36"
::1 - - [23/Jan/2018:23:35:06 +0000] "GET / HTTP/1.1" 200 3194 "-" "Mozilla/5.0 (Windows NT 6.1; Win64; x64) AppleWebKit/537.36 (KHTML, like Gecko) Chrome/63.0.3239.132 Safari/537.36"
::1 - - [23/Jan/2018:23:35:39 +0000] "GET / HTTP/1.1" 200 3170 "-" "Mozilla/5.0 (Windows NT 6.1; Win64; x64) AppleWebKit/537.36 (KHTML, like Gecko) Chrome/63.0.3239.132 Safari/537.36"
::1 - - [23/Jan/2018:23:36:02 +0000] "GET / HTTP/1.1" 200 3133 "-" "Mozilla/5.0 (Windows NT 6.1; Win64; x64) AppleWebKit/537.36 (KHTML, like Gecko) Chrome/63.0.3239.132 Safari/537.36"
::1 - - [23/Jan/2018:23:36:42 +0000] "GET /? HTTP/1.1" 200 3132 "http://localhost:3500/" "Mozilla/5.0 (Windows NT 6.1; Win64; x64) AppleWebKit/537.36 (KHTML, like Gecko) Chrome/63.0.3239.132 Safari/537.36"
::1 - - [23/Jan/2018:23:37:01 +0000] "GET /? HTTP/1.1" 200 3132 "http://localhost:3500/" "Mozilla/5.0 (Windows NT 6.1; Win64; x64) AppleWebKit/537.36 (KHTML, like Gecko) Chrome/63.0.3239.132 Safari/537.36"
::1 - - [23/Jan/2018:23:37:13 +0000] "GET /? HTTP/1.1" 200 3132 "http://localhost:3500/" "Mozilla/5.0 (Windows NT 6.1; Win64; x64) AppleWebKit/537.36 (KHTML, like Gecko) Chrome/63.0.3239.132 Safari/537.36"
::1 - - [23/Jan/2018:23:38:12 +0000] "GET / HTTP/1.1" 200 3126 "-" "Mozilla/5.0 (Windows NT 6.1; Win64; x64) AppleWebKit/537.36 (KHTML, like Gecko) Chrome/63.0.3239.132 Safari/537.36"
::1 - - [23/Jan/2018:23:38:23 +0000] "GET /? HTTP/1.1" 200 3126 "http://localhost:3500/" "Mozilla/5.0 (Windows NT 6.1; Win64; x64) AppleWebKit/537.36 (KHTML, like Gecko) Chrome/63.0.3239.132 Safari/537.36"
::1 - - [23/Jan/2018:23:39:30 +0000] "GET /? HTTP/1.1" 200 3214 "http://localhost:3500/" "Mozilla/5.0 (Windows NT 6.1; Win64; x64) AppleWebKit/537.36 (KHTML, like Gecko) Chrome/63.0.3239.132 Safari/537.36"
::1 - - [23/Jan/2018:23:39:35 +0000] "GET / HTTP/1.1" 200 3214 "-" "Mozilla/5.0 (Windows NT 6.1; Win64; x64) AppleWebKit/537.36 (KHTML, like Gecko) Chrome/63.0.3239.132 Safari/537.36"
::1 - - [23/Jan/2018:23:39:41 +0000] "GET /? HTTP/1.1" 200 3214 "http://localhost:3500/" "Mozilla/5.0 (Windows NT 6.1; Win64; x64) AppleWebKit/537.36 (KHTML, like Gecko) Chrome/63.0.3239.132 Safari/537.36"
::1 - - [23/Jan/2018:23:40:05 +0000] "GET / HTTP/1.1" 304 - "-" "Mozilla/5.0 (Windows NT 6.1; Win64; x64) AppleWebKit/537.36 (KHTML, like Gecko) Chrome/63.0.3239.132 Safari/537.36"
::1 - - [23/Jan/2018:23:40:25 +0000] "GET / HTTP/1.1" 200 3227 "-" "Mozilla/5.0 (Windows NT 6.1; Win64; x64) AppleWebKit/537.36 (KHTML, like Gecko) Chrome/63.0.3239.132 Safari/537.36"
::1 - - [23/Jan/2018:23:43:38 +0000] "GET / HTTP/1.1" 200 3227 "-" "Mozilla/5.0 (Windows NT 6.1; Win64; x64) AppleWebKit/537.36 (KHTML, like Gecko) Chrome/63.0.3239.132 Safari/537.36"
::1 - - [23/Jan/2018:23:44:13 +0000] "GET / HTTP/1.1" 200 3227 "-" "Mozilla/5.0 (Windows NT 6.1; Win64; x64) AppleWebKit/537.36 (KHTML, like Gecko) Chrome/63.0.3239.132 Safari/537.36"
::1 - - [23/Jan/2018:23:45:30 +0000] "GET / HTTP/1.1" 200 3227 "-" "Mozilla/5.0 (Windows NT 6.1; Win64; x64) AppleWebKit/537.36 (KHTML, like Gecko) Chrome/63.0.3239.132 Safari/537.36"
::1 - - [23/Jan/2018:23:45:42 +0000] "GET / HTTP/1.1" 304 - "-" "Mozilla/5.0 (Windows NT 6.1; Win64; x64) AppleWebKit/537.36 (KHTML, like Gecko) Chrome/63.0.3239.132 Safari/537.36"
::1 - - [23/Jan/2018:23:46:05 +0000] "GET / HTTP/1.1" 200 3227 "-" "Mozilla/5.0 (Windows NT 6.1; Win64; x64) AppleWebKit/537.36 (KHTML, like Gecko) Chrome/63.0.3239.132 Safari/537.36"
::1 - - [23/Jan/2018:23:46:59 +0000] "GET / HTTP/1.1" 200 3227 "-" "Mozilla/5.0 (Windows NT 6.1; Win64; x64) AppleWebKit/537.36 (KHTML, like Gecko) Chrome/63.0.3239.132 Safari/537.36"
::1 - - [23/Jan/2018:23:47:10 +0000] "GET / HTTP/1.1" 200 3227 "-" "Mozilla/5.0 (Windows NT 6.1; Win64; x64) AppleWebKit/537.36 (KHTML, like Gecko) Chrome/63.0.3239.132 Safari/537.36"
::1 - - [23/Jan/2018:23:47:11 +0000] "GET /favicon.ico HTTP/1.1" 404 150 "http://localhost:3500/" "Mozilla/5.0 (Windows NT 6.1; Win64; x64) AppleWebKit/537.36 (KHTML, like Gecko) Chrome/63.0.3239.132 Safari/537.36"
::1 - - [23/Jan/2018:23:47:19 +0000] "GET / HTTP/1.1" 200 3227 "-" "Mozilla/5.0 (Windows NT 6.1; Win64; x64) AppleWebKit/537.36 (KHTML, like Gecko) Chrome/63.0.3239.132 Safari/537.36"
::1 - - [23/Jan/2018:23:47:39 +0000] "GET / HTTP/1.1" 200 3227 "-" "Mozilla/5.0 (Windows NT 6.1; Win64; x64) AppleWebKit/537.36 (KHTML, like Gecko) Chrome/63.0.3239.132 Safari/537.36"
::1 - - [23/Jan/2018:23:48:05 +0000] "GET / HTTP/1.1" 200 3227 "-" "Mozilla/5.0 (Windows NT 6.1; Win64; x64) AppleWebKit/537.36 (KHTML, like Gecko) Chrome/63.0.3239.132 Safari/537.36"
::1 - - [23/Jan/2018:23:48:15 +0000] "GET / HTTP/1.1" 200 3227 "-" "Mozilla/5.0 (Windows NT 6.1; Win64; x64) AppleWebKit/537.36 (KHTML, like Gecko) Chrome/63.0.3239.132 Safari/537.36"
::1 - - [23/Jan/2018:23:48:49 +0000] "GET / HTTP/1.1" 200 3227 "-" "Mozilla/5.0 (Windows NT 6.1; Win64; x64) AppleWebKit/537.36 (KHTML, like Gecko) Chrome/63.0.3239.132 Safari/537.36"
::1 - - [23/Jan/2018:23:49:22 +0000] "GET / HTTP/1.1" 200 3224 "-" "Mozilla/5.0 (Windows NT 6.1; Win64; x64) AppleWebKit/537.36 (KHTML, like Gecko) Chrome/63.0.3239.132 Safari/537.36"
::1 - - [23/Jan/2018:23:50:59 +0000] "GET / HTTP/1.1" 200 3224 "-" "Mozilla/5.0 (Windows NT 6.1; Win64; x64) AppleWebKit/537.36 (KHTML, like Gecko) Chrome/63.0.3239.132 Safari/537.36"
::1 - - [23/Jan/2018:23:52:20 +0000] "GET / HTTP/1.1" 200 3219 "-" "Mozilla/5.0 (Windows NT 6.1; Win64; x64) AppleWebKit/537.36 (KHTML, like Gecko) Chrome/63.0.3239.132 Safari/537.36"
::1 - - [23/Jan/2018:23:55:08 +0000] "GET / HTTP/1.1" 200 3431 "-" "Mozilla/5.0 (Windows NT 6.1; Win64; x64) AppleWebKit/537.36 (KHTML, like Gecko) Chrome/63.0.3239.132 Safari/537.36"
::1 - - [23/Jan/2018:23:55:08 +0000] "GET /node_modules/pnotify/dist/PNotify.BrightTheme.css HTTP/1.1" 404 188 "http://localhost:3500/" "Mozilla/5.0 (Windows NT 6.1; Win64; x64) AppleWebKit/537.36 (KHTML, like Gecko) Chrome/63.0.3239.132 Safari/537.36"
::1 - - [23/Jan/2018:23:55:08 +0000] "GET /node_modules/pnotify/dist/iife/PNotify.js HTTP/1.1" 404 180 "http://localhost:3500/" "Mozilla/5.0 (Windows NT 6.1; Win64; x64) AppleWebKit/537.36 (KHTML, like Gecko) Chrome/63.0.3239.132 Safari/537.36"
::1 - - [23/Jan/2018:23:55:09 +0000] "GET /node_modules/pnotify/dist/iife/PNotify.js HTTP/1.1" 404 180 "http://localhost:3500/" "Mozilla/5.0 (Windows NT 6.1; Win64; x64) AppleWebKit/537.36 (KHTML, like Gecko) Chrome/63.0.3239.132 Safari/537.36"
::1 - - [23/Jan/2018:23:55:39 +0000] "GET / HTTP/1.1" 200 3431 "-" "Mozilla/5.0 (Windows NT 6.1; Win64; x64) AppleWebKit/537.36 (KHTML, like Gecko) Chrome/63.0.3239.132 Safari/537.36"
::1 - - [23/Jan/2018:23:55:39 +0000] "GET /node_modules/pnotify/dist/PNotify.BrightTheme.css HTTP/1.1" 404 188 "http://localhost:3500/" "Mozilla/5.0 (Windows NT 6.1; Win64; x64) AppleWebKit/537.36 (KHTML, like Gecko) Chrome/63.0.3239.132 Safari/537.36"
::1 - - [23/Jan/2018:23:55:39 +0000] "GET /node_modules/pnotify/dist/iife/PNotify.js HTTP/1.1" 404 180 "http://localhost:3500/" "Mozilla/5.0 (Windows NT 6.1; Win64; x64) AppleWebKit/537.36 (KHTML, like Gecko) Chrome/63.0.3239.132 Safari/537.36"
::1 - - [23/Jan/2018:23:55:40 +0000] "GET /node_modules/pnotify/dist/iife/PNotify.js HTTP/1.1" 404 180 "http://localhost:3500/" "Mozilla/5.0 (Windows NT 6.1; Win64; x64) AppleWebKit/537.36 (KHTML, like Gecko) Chrome/63.0.3239.132 Safari/537.36"
::1 - - [23/Jan/2018:23:56:07 +0000] "GET / HTTP/1.1" 200 3433 "-" "Mozilla/5.0 (Windows NT 6.1; Win64; x64) AppleWebKit/537.36 (KHTML, like Gecko) Chrome/63.0.3239.132 Safari/537.36"
::1 - - [23/Jan/2018:23:56:07 +0000] "GET /node_modules/pnotify/dist/PNotify.BrightTheme.css HTTP/1.1" 404 188 "http://localhost:3500/" "Mozilla/5.0 (Windows NT 6.1; Win64; x64) AppleWebKit/537.36 (KHTML, like Gecko) Chrome/63.0.3239.132 Safari/537.36"
::1 - - [23/Jan/2018:23:56:07 +0000] "GET /node_modules/pnotify/dist/iife/PNotify.js HTTP/1.1" 404 180 "http://localhost:3500/" "Mozilla/5.0 (Windows NT 6.1; Win64; x64) AppleWebKit/537.36 (KHTML, like Gecko) Chrome/63.0.3239.132 Safari/537.36"
::1 - - [23/Jan/2018:23:56:08 +0000] "GET /node_modules/pnotify/dist/iife/PNotify.js HTTP/1.1" 404 180 "http://localhost:3500/" "Mozilla/5.0 (Windows NT 6.1; Win64; x64) AppleWebKit/537.36 (KHTML, like Gecko) Chrome/63.0.3239.132 Safari/537.36"
::1 - - [23/Jan/2018:23:56:25 +0000] "GET / HTTP/1.1" 200 3435 "-" "Mozilla/5.0 (Windows NT 6.1; Win64; x64) AppleWebKit/537.36 (KHTML, like Gecko) Chrome/63.0.3239.132 Safari/537.36"
::1 - - [23/Jan/2018:23:56:25 +0000] "GET /node_modules/pnotify/dist/PNotify.BrightTheme.css HTTP/1.1" 404 188 "http://localhost:3500/" "Mozilla/5.0 (Windows NT 6.1; Win64; x64) AppleWebKit/537.36 (KHTML, like Gecko) Chrome/63.0.3239.132 Safari/537.36"
::1 - - [23/Jan/2018:23:56:25 +0000] "GET /node_modules/pnotify/dist/iife/PNotify.js HTTP/1.1" 404 180 "http://localhost:3500/" "Mozilla/5.0 (Windows NT 6.1; Win64; x64) AppleWebKit/537.36 (KHTML, like Gecko) Chrome/63.0.3239.132 Safari/537.36"
::1 - - [23/Jan/2018:23:56:26 +0000] "GET /node_modules/pnotify/dist/iife/PNotify.js HTTP/1.1" 404 180 "http://localhost:3500/" "Mozilla/5.0 (Windows NT 6.1; Win64; x64) AppleWebKit/537.36 (KHTML, like Gecko) Chrome/63.0.3239.132 Safari/537.36"
::1 - - [23/Jan/2018:23:58:06 +0000] "GET / HTTP/1.1" 200 3428 "-" "Mozilla/5.0 (Windows NT 6.1; Win64; x64) AppleWebKit/537.36 (KHTML, like Gecko) Chrome/63.0.3239.132 Safari/537.36"
::1 - - [23/Jan/2018:23:58:06 +0000] "GET /node_modules/pnotify/dist/PNotify.BrightTheme.css HTTP/1.1" 404 188 "http://localhost:3500/" "Mozilla/5.0 (Windows NT 6.1; Win64; x64) AppleWebKit/537.36 (KHTML, like Gecko) Chrome/63.0.3239.132 Safari/537.36"
::1 - - [23/Jan/2018:23:58:06 +0000] "GET /node_modules/pnotify/dist/PNotify.js HTTP/1.1" 404 175 "http://localhost:3500/" "Mozilla/5.0 (Windows NT 6.1; Win64; x64) AppleWebKit/537.36 (KHTML, like Gecko) Chrome/63.0.3239.132 Safari/537.36"
::1 - - [23/Jan/2018:23:58:07 +0000] "GET /node_modules/pnotify/dist/PNotify.js HTTP/1.1" 404 175 "http://localhost:3500/" "Mozilla/5.0 (Windows NT 6.1; Win64; x64) AppleWebKit/537.36 (KHTML, like Gecko) Chrome/63.0.3239.132 Safari/537.36"
::1 - - [23/Jan/2018:23:58:29 +0000] "GET / HTTP/1.1" 200 3430 "-" "Mozilla/5.0 (Windows NT 6.1; Win64; x64) AppleWebKit/537.36 (KHTML, like Gecko) Chrome/63.0.3239.132 Safari/537.36"
::1 - - [23/Jan/2018:23:58:30 +0000] "GET /node_modules/pnotify/dist/PNotify.BrightTheme.css HTTP/1.1" 404 188 "http://localhost:3500/" "Mozilla/5.0 (Windows NT 6.1; Win64; x64) AppleWebKit/537.36 (KHTML, like Gecko) Chrome/63.0.3239.132 Safari/537.36"
::1 - - [23/Jan/2018:23:58:30 +0000] "GET /node_modules/pnotify/dist/PNotify.js HTTP/1.1" 404 175 "http://localhost:3500/" "Mozilla/5.0 (Windows NT 6.1; Win64; x64) AppleWebKit/537.36 (KHTML, like Gecko) Chrome/63.0.3239.132 Safari/537.36"
::1 - - [23/Jan/2018:23:58:31 +0000] "GET /node_modules/pnotify/dist/PNotify.js HTTP/1.1" 404 175 "http://localhost:3500/" "Mozilla/5.0 (Windows NT 6.1; Win64; x64) AppleWebKit/537.36 (KHTML, like Gecko) Chrome/63.0.3239.132 Safari/537.36"
::1 - - [23/Jan/2018:23:59:51 +0000] "GET / HTTP/1.1" 200 3430 "-" "Mozilla/5.0 (Windows NT 6.1; Win64; x64) AppleWebKit/537.36 (KHTML, like Gecko) Chrome/63.0.3239.132 Safari/537.36"
::1 - - [23/Jan/2018:23:59:51 +0000] "GET /node_modules/pnotify/dist/pnotify.brighttheme.css HTTP/1.1" 404 188 "http://localhost:3500/" "Mozilla/5.0 (Windows NT 6.1; Win64; x64) AppleWebKit/537.36 (KHTML, like Gecko) Chrome/63.0.3239.132 Safari/537.36"
::1 - - [23/Jan/2018:23:59:51 +0000] "GET /node_modules/pnotify/dist/pnotify.js HTTP/1.1" 404 175 "http://localhost:3500/" "Mozilla/5.0 (Windows NT 6.1; Win64; x64) AppleWebKit/537.36 (KHTML, like Gecko) Chrome/63.0.3239.132 Safari/537.36"
::1 - - [23/Jan/2018:23:59:52 +0000] "GET /node_modules/pnotify/dist/pnotify.js HTTP/1.1" 404 175 "http://localhost:3500/" "Mozilla/5.0 (Windows NT 6.1; Win64; x64) AppleWebKit/537.36 (KHTML, like Gecko) Chrome/63.0.3239.132 Safari/537.36"
::1 - - [24/Jan/2018:00:01:11 +0000] "GET / HTTP/1.1" 200 3431 "-" "Mozilla/5.0 (Windows NT 6.1; Win64; x64) AppleWebKit/537.36 (KHTML, like Gecko) Chrome/63.0.3239.132 Safari/537.36"
::1 - - [24/Jan/2018:00:01:11 +0000] "GET /node_modules/pnotify/dist/PNotify.BrightTheme.css HTTP/1.1" 404 188 "http://localhost:3500/" "Mozilla/5.0 (Windows NT 6.1; Win64; x64) AppleWebKit/537.36 (KHTML, like Gecko) Chrome/63.0.3239.132 Safari/537.36"
::1 - - [24/Jan/2018:00:01:11 +0000] "GET /node_modules/pnotify/dist/PNotify.js HTTP/1.1" 404 175 "http://localhost:3500/" "Mozilla/5.0 (Windows NT 6.1; Win64; x64) AppleWebKit/537.36 (KHTML, like Gecko) Chrome/63.0.3239.132 Safari/537.36"
::1 - - [24/Jan/2018:00:01:12 +0000] "GET /node_modules/pnotify/dist/PNotify.js HTTP/1.1" 404 175 "http://localhost:3500/" "Mozilla/5.0 (Windows NT 6.1; Win64; x64) AppleWebKit/537.36 (KHTML, like Gecko) Chrome/63.0.3239.132 Safari/537.36"
::1 - - [24/Jan/2018:00:01:21 +0000] "GET / HTTP/1.1" 200 3434 "-" "Mozilla/5.0 (Windows NT 6.1; Win64; x64) AppleWebKit/537.36 (KHTML, like Gecko) Chrome/63.0.3239.132 Safari/537.36"
::1 - - [24/Jan/2018:00:01:21 +0000] "GET /node_modules/pnotify/dist/PNotify.BrightTheme.css HTTP/1.1" 404 188 "http://localhost:3500/" "Mozilla/5.0 (Windows NT 6.1; Win64; x64) AppleWebKit/537.36 (KHTML, like Gecko) Chrome/63.0.3239.132 Safari/537.36"
::1 - - [24/Jan/2018:00:01:21 +0000] "GET /node_modules/pnotify/dist/PNotify.js HTTP/1.1" 404 175 "http://localhost:3500/" "Mozilla/5.0 (Windows NT 6.1; Win64; x64) AppleWebKit/537.36 (KHTML, like Gecko) Chrome/63.0.3239.132 Safari/537.36"
::1 - - [24/Jan/2018:00:01:22 +0000] "GET /node_modules/pnotify/dist/PNotify.js HTTP/1.1" 404 175 "http://localhost:3500/" "Mozilla/5.0 (Windows NT 6.1; Win64; x64) AppleWebKit/537.36 (KHTML, like Gecko) Chrome/63.0.3239.132 Safari/537.36"
::1 - - [24/Jan/2018:00:01:35 +0000] "GET / HTTP/1.1" 200 3434 "-" "Mozilla/5.0 (Windows NT 6.1; Win64; x64) AppleWebKit/537.36 (KHTML, like Gecko) Chrome/63.0.3239.132 Safari/537.36"
::1 - - [24/Jan/2018:00:01:35 +0000] "GET /node_modules/pnotify/dist/PNotify.BrightTheme.css HTTP/1.1" 404 188 "http://localhost:3500/" "Mozilla/5.0 (Windows NT 6.1; Win64; x64) AppleWebKit/537.36 (KHTML, like Gecko) Chrome/63.0.3239.132 Safari/537.36"
::1 - - [24/Jan/2018:00:01:35 +0000] "GET /node_modules/pnotify/dist/PNotify.js HTTP/1.1" 404 175 "http://localhost:3500/" "Mozilla/5.0 (Windows NT 6.1; Win64; x64) AppleWebKit/537.36 (KHTML, like Gecko) Chrome/63.0.3239.132 Safari/537.36"
::1 - - [24/Jan/2018:00:01:36 +0000] "GET /node_modules/pnotify/dist/PNotify.js HTTP/1.1" 404 175 "http://localhost:3500/" "Mozilla/5.0 (Windows NT 6.1; Win64; x64) AppleWebKit/537.36 (KHTML, like Gecko) Chrome/63.0.3239.132 Safari/537.36"
::1 - - [24/Jan/2018:00:03:17 +0000] "GET / HTTP/1.1" 200 3400 "-" "Mozilla/5.0 (Windows NT 6.1; Win64; x64) AppleWebKit/537.36 (KHTML, like Gecko) Chrome/63.0.3239.132 Safari/537.36"
::1 - - [24/Jan/2018:00:03:18 +0000] "GET /javascripts/pnotify.js.map HTTP/1.1" 404 165 "-" "Mozilla/5.0 (Windows NT 6.1; Win64; x64) AppleWebKit/537.36 (KHTML, like Gecko) Chrome/63.0.3239.132 Safari/537.36"
::1 - - [24/Jan/2018:00:05:57 +0000] "GET / HTTP/1.1" 200 3400 "-" "Mozilla/5.0 (Windows NT 6.1; Win64; x64) AppleWebKit/537.36 (KHTML, like Gecko) Chrome/63.0.3239.132 Safari/537.36"
::1 - - [24/Jan/2018:00:05:58 +0000] "GET /javascripts/pnotify.js.map HTTP/1.1" 404 165 "-" "Mozilla/5.0 (Windows NT 6.1; Win64; x64) AppleWebKit/537.36 (KHTML, like Gecko) Chrome/63.0.3239.132 Safari/537.36"
::1 - - [24/Jan/2018:00:09:21 +0000] "GET / HTTP/1.1" 200 3410 "-" "Mozilla/5.0 (Windows NT 6.1; Win64; x64) AppleWebKit/537.36 (KHTML, like Gecko) Chrome/63.0.3239.132 Safari/537.36"
::1 - - [24/Jan/2018:00:09:23 +0000] "GET /javascripts/pnotify.nonblock.js.map HTTP/1.1" 404 174 "-" "Mozilla/5.0 (Windows NT 6.1; Win64; x64) AppleWebKit/537.36 (KHTML, like Gecko) Chrome/63.0.3239.132 Safari/537.36"
::1 - - [24/Jan/2018:00:10:34 +0000] "GET / HTTP/1.1" 200 3410 "-" "Mozilla/5.0 (Windows NT 6.1; Win64; x64) AppleWebKit/537.36 (KHTML, like Gecko) Chrome/63.0.3239.132 Safari/537.36"
::1 - - [24/Jan/2018:00:10:35 +0000] "GET /javascripts/pnotify.nonblock.js.map HTTP/1.1" 404 174 "-" "Mozilla/5.0 (Windows NT 6.1; Win64; x64) AppleWebKit/537.36 (KHTML, like Gecko) Chrome/63.0.3239.132 Safari/537.36"
::1 - - [24/Jan/2018:00:12:14 +0000] "GET / HTTP/1.1" 200 3410 "-" "Mozilla/5.0 (Windows NT 6.1; Win64; x64) AppleWebKit/537.36 (KHTML, like Gecko) Chrome/63.0.3239.132 Safari/537.36"
::1 - - [24/Jan/2018:00:12:15 +0000] "GET /javascripts/pnotify.nonblock.js.map HTTP/1.1" 404 174 "-" "Mozilla/5.0 (Windows NT 6.1; Win64; x64) AppleWebKit/537.36 (KHTML, like Gecko) Chrome/63.0.3239.132 Safari/537.36"
::1 - - [24/Jan/2018:00:13:35 +0000] "GET / HTTP/1.1" 200 3410 "-" "Mozilla/5.0 (iPhone; CPU iPhone OS 10_3 like Mac OS X) AppleWebKit/602.1.50 (KHTML, like Gecko) CriOS/56.0.2924.75 Mobile/14E5239e Safari/602.1"
::1 - - [24/Jan/2018:00:13:37 +0000] "GET /javascripts/pnotify.nonblock.js.map HTTP/1.1" 404 174 "-" "Mozilla/5.0 (iPhone; CPU iPhone OS 10_3 like Mac OS X) AppleWebKit/602.1.50 (KHTML, like Gecko) CriOS/56.0.2924.75 Mobile/14E5239e Safari/602.1"
::1 - - [24/Jan/2018:00:17:54 +0000] "GET / HTTP/1.1" 200 3410 "-" "Mozilla/5.0 (iPhone; CPU iPhone OS 10_3 like Mac OS X) AppleWebKit/602.1.50 (KHTML, like Gecko) CriOS/56.0.2924.75 Mobile/14E5239e Safari/602.1"
::1 - - [24/Jan/2018:00:17:55 +0000] "GET /javascripts/pnotify.nonblock.js.map HTTP/1.1" 404 174 "-" "Mozilla/5.0 (iPhone; CPU iPhone OS 10_3 like Mac OS X) AppleWebKit/602.1.50 (KHTML, like Gecko) CriOS/56.0.2924.75 Mobile/14E5239e Safari/602.1"
::1 - - [24/Jan/2018:00:23:59 +0000] "GET / HTTP/1.1" 200 3771 "-" "Mozilla/5.0 (Windows NT 6.1; Win64; x64) AppleWebKit/537.36 (KHTML, like Gecko) Chrome/63.0.3239.132 Safari/537.36"
::1 - - [24/Jan/2018:00:24:00 +0000] "GET /favicon.ico HTTP/1.1" 404 150 "http://localhost:3500/" "Mozilla/5.0 (Windows NT 6.1; Win64; x64) AppleWebKit/537.36 (KHTML, like Gecko) Chrome/63.0.3239.132 Safari/537.36"
::1 - - [24/Jan/2018:00:24:24 +0000] "GET / HTTP/1.1" 304 - "-" "Mozilla/5.0 (Windows NT 6.1; Win64; x64) AppleWebKit/537.36 (KHTML, like Gecko) Chrome/63.0.3239.132 Safari/537.36"
